<?xml version="1.0" encoding="UTF-8"?>
<testsuite xmlns:xsi="http://www.w3.org/2001/XMLSchema-instance" xsi:noNamespaceSchemaLocation="https://maven.apache.org/surefire/maven-surefire-plugin/xsd/surefire-test-report.xsd" name="com.geekbrains.SearchRecipesTest" time="8.695" tests="5" errors="0" skipped="0" failures="0">
  <properties>
[...]
</properties>
  <testcase name="addMealTest" classname="com.geekbrains.SearchRecipesTest" time="4.234"/>
  <testcase name="getResponseData" classname="com.geekbrains.SearchRecipesTest" time="1.066"/>
  <testcase name="getSpecifyingRequestDataTest" classname="com.geekbrains.SearchRecipesTest" time="0.995"/>
  <testcase name="getRecipesTest" classname="com.geekbrains.SearchRecipesTest" time="0.373"/>
  <testcase name="getVerifyingResponseData" classname="com.geekbrains.SearchRecipesTest" time="1.121"/>
</testsuite>